"is_built_exec_compiler" "true"
"built_exec_compiler" "/home/frankbro/lang/_build/src/compiler.native"
"is_built_exec_test" "true"
"built_exec_test" "/home/frankbro/lang/_build/src/test.native"
"is_built_lib_lang" "true"
"built_lib_lang" "/home/frankbro/lang/_build/src/lang.cma"
"built_lib_lang" "/home/frankbro/lang/_build/src/lang.cmxa"
"built_lib_lang" "/home/frankbro/lang/_build/src/lang.a"
"built_lib_lang" "/home/frankbro/lang/_build/src/lang.cmxs"
"built_lib_lang" "/home/frankbro/lang/_build/src/core.cmi"
"built_lib_lang" "/home/frankbro/lang/_build/src/core.cmt"
"built_lib_lang" "/home/frankbro/lang/_build/src/core.annot"
"built_lib_lang" "/home/frankbro/lang/_build/src/lexer.cmi"
"built_lib_lang" "/home/frankbro/lang/_build/src/lexer.cmt"
"built_lib_lang" "/home/frankbro/lang/_build/src/lexer.annot"
"built_lib_lang" "/home/frankbro/lang/_build/src/parser.cmi"
"built_lib_lang" "/home/frankbro/lang/_build/src/parser.cmti"
"built_lib_lang" "/home/frankbro/lang/_build/src/parser.cmt"
"built_lib_lang" "/home/frankbro/lang/_build/src/parser.annot"
"built_lib_lang" "/home/frankbro/lang/_build/src/infer.cmi"
"built_lib_lang" "/home/frankbro/lang/_build/src/infer.cmt"
"built_lib_lang" "/home/frankbro/lang/_build/src/infer.annot"
"built_lib_lang" "/home/frankbro/lang/_build/src/expr.cmi"
"built_lib_lang" "/home/frankbro/lang/_build/src/expr.cmt"
"built_lib_lang" "/home/frankbro/lang/_build/src/expr.annot"
"built_lib_lang" "/home/frankbro/lang/_build/src/core.cmx"
"built_lib_lang" "/home/frankbro/lang/_build/src/lexer.cmx"
"built_lib_lang" "/home/frankbro/lang/_build/src/parser.cmx"
"built_lib_lang" "/home/frankbro/lang/_build/src/infer.cmx"
"built_lib_lang" "/home/frankbro/lang/_build/src/expr.cmx"
"is_built_exec_compiler" "true"
"built_exec_compiler" "/home/frankbro/lang/_build/src/compiler.native"
"is_built_exec_test" "true"
"built_exec_test" "/home/frankbro/lang/_build/src/test.native"
"is_built_lib_lang" "true"
"built_lib_lang" "/home/frankbro/lang/_build/src/lang.cma"
"built_lib_lang" "/home/frankbro/lang/_build/src/lang.cmxa"
"built_lib_lang" "/home/frankbro/lang/_build/src/lang.a"
"built_lib_lang" "/home/frankbro/lang/_build/src/lang.cmxs"
"built_lib_lang" "/home/frankbro/lang/_build/src/core.cmi"
"built_lib_lang" "/home/frankbro/lang/_build/src/core.cmt"
"built_lib_lang" "/home/frankbro/lang/_build/src/core.annot"
"built_lib_lang" "/home/frankbro/lang/_build/src/lexer.cmi"
"built_lib_lang" "/home/frankbro/lang/_build/src/lexer.cmt"
"built_lib_lang" "/home/frankbro/lang/_build/src/lexer.annot"
"built_lib_lang" "/home/frankbro/lang/_build/src/parser.cmi"
"built_lib_lang" "/home/frankbro/lang/_build/src/parser.cmti"
"built_lib_lang" "/home/frankbro/lang/_build/src/parser.cmt"
"built_lib_lang" "/home/frankbro/lang/_build/src/parser.annot"
"built_lib_lang" "/home/frankbro/lang/_build/src/infer.cmi"
"built_lib_lang" "/home/frankbro/lang/_build/src/infer.cmt"
"built_lib_lang" "/home/frankbro/lang/_build/src/infer.annot"
"built_lib_lang" "/home/frankbro/lang/_build/src/expr.cmi"
"built_lib_lang" "/home/frankbro/lang/_build/src/expr.cmt"
"built_lib_lang" "/home/frankbro/lang/_build/src/expr.annot"
"built_lib_lang" "/home/frankbro/lang/_build/src/core.cmx"
"built_lib_lang" "/home/frankbro/lang/_build/src/lexer.cmx"
"built_lib_lang" "/home/frankbro/lang/_build/src/parser.cmx"
"built_lib_lang" "/home/frankbro/lang/_build/src/infer.cmx"
"built_lib_lang" "/home/frankbro/lang/_build/src/expr.cmx"
"is_built_exec_compiler" "true"
"built_exec_compiler" "/home/frankbro/lang/_build/src/compiler.native"
"is_built_exec_test" "true"
"built_exec_test" "/home/frankbro/lang/_build/src/test.native"
"is_built_lib_lang" "true"
"built_lib_lang" "/home/frankbro/lang/_build/src/lang.cma"
"built_lib_lang" "/home/frankbro/lang/_build/src/lang.cmxa"
"built_lib_lang" "/home/frankbro/lang/_build/src/lang.a"
"built_lib_lang" "/home/frankbro/lang/_build/src/lang.cmxs"
"built_lib_lang" "/home/frankbro/lang/_build/src/core.cmi"
"built_lib_lang" "/home/frankbro/lang/_build/src/core.cmt"
"built_lib_lang" "/home/frankbro/lang/_build/src/core.annot"
"built_lib_lang" "/home/frankbro/lang/_build/src/lexer.cmi"
"built_lib_lang" "/home/frankbro/lang/_build/src/lexer.cmt"
"built_lib_lang" "/home/frankbro/lang/_build/src/lexer.annot"
"built_lib_lang" "/home/frankbro/lang/_build/src/parser.cmi"
"built_lib_lang" "/home/frankbro/lang/_build/src/parser.cmti"
"built_lib_lang" "/home/frankbro/lang/_build/src/parser.cmt"
"built_lib_lang" "/home/frankbro/lang/_build/src/parser.annot"
"built_lib_lang" "/home/frankbro/lang/_build/src/infer.cmi"
"built_lib_lang" "/home/frankbro/lang/_build/src/infer.cmt"
"built_lib_lang" "/home/frankbro/lang/_build/src/infer.annot"
"built_lib_lang" "/home/frankbro/lang/_build/src/expr.cmi"
"built_lib_lang" "/home/frankbro/lang/_build/src/expr.cmt"
"built_lib_lang" "/home/frankbro/lang/_build/src/expr.annot"
"built_lib_lang" "/home/frankbro/lang/_build/src/core.cmx"
"built_lib_lang" "/home/frankbro/lang/_build/src/lexer.cmx"
"built_lib_lang" "/home/frankbro/lang/_build/src/parser.cmx"
"built_lib_lang" "/home/frankbro/lang/_build/src/infer.cmx"
"built_lib_lang" "/home/frankbro/lang/_build/src/expr.cmx"
"is_built_exec_compiler" "true"
"built_exec_compiler" "/home/frankbro/lang/_build/src/compiler.native"
"is_built_exec_test" "true"
"built_exec_test" "/home/frankbro/lang/_build/src/test.native"
"is_built_lib_lang" "true"
"built_lib_lang" "/home/frankbro/lang/_build/src/lang.cma"
"built_lib_lang" "/home/frankbro/lang/_build/src/lang.cmxa"
"built_lib_lang" "/home/frankbro/lang/_build/src/lang.a"
"built_lib_lang" "/home/frankbro/lang/_build/src/lang.cmxs"
"built_lib_lang" "/home/frankbro/lang/_build/src/core.cmi"
"built_lib_lang" "/home/frankbro/lang/_build/src/core.cmt"
"built_lib_lang" "/home/frankbro/lang/_build/src/core.annot"
"built_lib_lang" "/home/frankbro/lang/_build/src/lexer.cmi"
"built_lib_lang" "/home/frankbro/lang/_build/src/lexer.cmt"
"built_lib_lang" "/home/frankbro/lang/_build/src/lexer.annot"
"built_lib_lang" "/home/frankbro/lang/_build/src/parser.cmi"
"built_lib_lang" "/home/frankbro/lang/_build/src/parser.cmti"
"built_lib_lang" "/home/frankbro/lang/_build/src/parser.cmt"
"built_lib_lang" "/home/frankbro/lang/_build/src/parser.annot"
"built_lib_lang" "/home/frankbro/lang/_build/src/infer.cmi"
"built_lib_lang" "/home/frankbro/lang/_build/src/infer.cmt"
"built_lib_lang" "/home/frankbro/lang/_build/src/infer.annot"
"built_lib_lang" "/home/frankbro/lang/_build/src/expr.cmi"
"built_lib_lang" "/home/frankbro/lang/_build/src/expr.cmt"
"built_lib_lang" "/home/frankbro/lang/_build/src/expr.annot"
"built_lib_lang" "/home/frankbro/lang/_build/src/core.cmx"
"built_lib_lang" "/home/frankbro/lang/_build/src/lexer.cmx"
"built_lib_lang" "/home/frankbro/lang/_build/src/parser.cmx"
"built_lib_lang" "/home/frankbro/lang/_build/src/infer.cmx"
"built_lib_lang" "/home/frankbro/lang/_build/src/expr.cmx"
"is_built_exec_compiler" "true"
"built_exec_compiler" "/home/frankbro/lang/_build/src/compiler.native"
"is_built_exec_test" "true"
"built_exec_test" "/home/frankbro/lang/_build/src/test.native"
"is_built_lib_lang" "true"
"built_lib_lang" "/home/frankbro/lang/_build/src/lang.cma"
"built_lib_lang" "/home/frankbro/lang/_build/src/lang.cmxa"
"built_lib_lang" "/home/frankbro/lang/_build/src/lang.a"
"built_lib_lang" "/home/frankbro/lang/_build/src/lang.cmxs"
"built_lib_lang" "/home/frankbro/lang/_build/src/core.cmi"
"built_lib_lang" "/home/frankbro/lang/_build/src/core.cmt"
"built_lib_lang" "/home/frankbro/lang/_build/src/core.annot"
"built_lib_lang" "/home/frankbro/lang/_build/src/lexer.cmi"
"built_lib_lang" "/home/frankbro/lang/_build/src/lexer.cmt"
"built_lib_lang" "/home/frankbro/lang/_build/src/lexer.annot"
"built_lib_lang" "/home/frankbro/lang/_build/src/parser.cmi"
"built_lib_lang" "/home/frankbro/lang/_build/src/parser.cmti"
"built_lib_lang" "/home/frankbro/lang/_build/src/parser.cmt"
"built_lib_lang" "/home/frankbro/lang/_build/src/parser.annot"
"built_lib_lang" "/home/frankbro/lang/_build/src/infer.cmi"
"built_lib_lang" "/home/frankbro/lang/_build/src/infer.cmt"
"built_lib_lang" "/home/frankbro/lang/_build/src/infer.annot"
"built_lib_lang" "/home/frankbro/lang/_build/src/expr.cmi"
"built_lib_lang" "/home/frankbro/lang/_build/src/expr.cmt"
"built_lib_lang" "/home/frankbro/lang/_build/src/expr.annot"
"built_lib_lang" "/home/frankbro/lang/_build/src/core.cmx"
"built_lib_lang" "/home/frankbro/lang/_build/src/lexer.cmx"
"built_lib_lang" "/home/frankbro/lang/_build/src/parser.cmx"
"built_lib_lang" "/home/frankbro/lang/_build/src/infer.cmx"
"built_lib_lang" "/home/frankbro/lang/_build/src/expr.cmx"
